G:\UNIVERSITY WORK\YEAR 2\IMAT 2605 - C++\COURSEWORK\DAVE\DEBUG\COLLIDABLE.OBJ
G:\UNIVERSITY WORK\YEAR 2\IMAT 2605 - C++\COURSEWORK\DAVE\DEBUG\GAMEPLAY.OBJ
G:\UNIVERSITY WORK\YEAR 2\IMAT 2605 - C++\COURSEWORK\DAVE\DEBUG\MAIN.OBJ
G:\UNIVERSITY WORK\YEAR 2\IMAT 2605 - C++\COURSEWORK\DAVE\DEBUG\MOVABLE.OBJ
G:\UNIVERSITY WORK\YEAR 2\IMAT 2605 - C++\COURSEWORK\DAVE\DEBUG\NPC.OBJ
G:\UNIVERSITY WORK\YEAR 2\IMAT 2605 - C++\COURSEWORK\DAVE\DEBUG\VECTOR2D.OBJ
G:\UNIVERSITY WORK\YEAR 2\IMAT 2605 - C++\COURSEWORK\DAVE\DEBUG\VC110.PDB
G:\UNIVERSITY WORK\YEAR 2\IMAT 2605 - C++\COURSEWORK\DAVE\DEBUG\BLOCK.OBJ
G:\UNIVERSITY WORK\YEAR 2\IMAT 2605 - C++\COURSEWORK\DAVE\DEBUG\DAVE.ILK
G:\UNIVERSITY WORK\YEAR 2\IMAT 2605 - C++\COURSEWORK\DAVE\DEBUG\DAVE.EXE
G:\UNIVERSITY WORK\YEAR 2\IMAT 2605 - C++\COURSEWORK\DAVE\DEBUG\DAVE.PDB
G:\University Work\Year 2\IMAT 2605 - C++\Coursework\Dave\Debug\Block.obj
G:\University Work\Year 2\IMAT 2605 - C++\Coursework\Dave\Debug\Blocks.obj
G:\University Work\Year 2\IMAT 2605 - C++\Coursework\Dave\Debug\Collidable.obj
G:\University Work\Year 2\IMAT 2605 - C++\Coursework\Dave\Debug\Collision.obj
G:\University Work\Year 2\IMAT 2605 - C++\Coursework\Dave\Debug\Display.obj
G:\University Work\Year 2\IMAT 2605 - C++\Coursework\Dave\Debug\Enemies.obj
G:\University Work\Year 2\IMAT 2605 - C++\Coursework\Dave\Debug\Foe.obj
G:\University Work\Year 2\IMAT 2605 - C++\Coursework\Dave\Debug\GamePlay.obj
G:\University Work\Year 2\IMAT 2605 - C++\Coursework\Dave\Debug\Game_play.obj
G:\University Work\Year 2\IMAT 2605 - C++\Coursework\Dave\Debug\main.obj
G:\University Work\Year 2\IMAT 2605 - C++\Coursework\Dave\Debug\Movable.obj
G:\University Work\Year 2\IMAT 2605 - C++\Coursework\Dave\Debug\Moveable.obj
G:\University Work\Year 2\IMAT 2605 - C++\Coursework\Dave\Debug\Npc.obj
G:\University Work\Year 2\IMAT 2605 - C++\Coursework\Dave\Debug\Physics.obj
G:\University Work\Year 2\IMAT 2605 - C++\Coursework\Dave\Debug\Player.obj
G:\University Work\Year 2\IMAT 2605 - C++\Coursework\Dave\Debug\Vector2D.obj
G:\University Work\Year 2\IMAT 2605 - C++\Coursework\Dave\Debug\dave.ilk
G:\University Work\Year 2\IMAT 2605 - C++\Coursework\Dave\Debug\cl.command.1.tlog
G:\University Work\Year 2\IMAT 2605 - C++\Coursework\Dave\Debug\CL.read.1.tlog
G:\University Work\Year 2\IMAT 2605 - C++\Coursework\Dave\Debug\CL.write.1.tlog
G:\University Work\Year 2\IMAT 2605 - C++\Coursework\Dave\Debug\link-cvtres.read.1.tlog
G:\University Work\Year 2\IMAT 2605 - C++\Coursework\Dave\Debug\link-cvtres.write.1.tlog
G:\University Work\Year 2\IMAT 2605 - C++\Coursework\Dave\Debug\link-rc.read.1.tlog
G:\University Work\Year 2\IMAT 2605 - C++\Coursework\Dave\Debug\link-rc.write.1.tlog
G:\University Work\Year 2\IMAT 2605 - C++\Coursework\Dave\Debug\link.1120-cvtres.read.1.tlog
G:\University Work\Year 2\IMAT 2605 - C++\Coursework\Dave\Debug\link.1120-cvtres.write.1.tlog
G:\University Work\Year 2\IMAT 2605 - C++\Coursework\Dave\Debug\link.1120-rc.read.1.tlog
G:\University Work\Year 2\IMAT 2605 - C++\Coursework\Dave\Debug\link.1120-rc.write.1.tlog
G:\University Work\Year 2\IMAT 2605 - C++\Coursework\Dave\Debug\link.1120.read.1.tlog
G:\University Work\Year 2\IMAT 2605 - C++\Coursework\Dave\Debug\link.1120.write.1.tlog
G:\University Work\Year 2\IMAT 2605 - C++\Coursework\Dave\Debug\link.1492-cvtres.read.1.tlog
G:\University Work\Year 2\IMAT 2605 - C++\Coursework\Dave\Debug\link.1492-cvtres.write.1.tlog
G:\University Work\Year 2\IMAT 2605 - C++\Coursework\Dave\Debug\link.1492-rc.read.1.tlog
G:\University Work\Year 2\IMAT 2605 - C++\Coursework\Dave\Debug\link.1492-rc.write.1.tlog
G:\University Work\Year 2\IMAT 2605 - C++\Coursework\Dave\Debug\link.1492.read.1.tlog
G:\University Work\Year 2\IMAT 2605 - C++\Coursework\Dave\Debug\link.1492.write.1.tlog
G:\University Work\Year 2\IMAT 2605 - C++\Coursework\Dave\Debug\link.1524-cvtres.read.1.tlog
G:\University Work\Year 2\IMAT 2605 - C++\Coursework\Dave\Debug\link.1524-cvtres.write.1.tlog
G:\University Work\Year 2\IMAT 2605 - C++\Coursework\Dave\Debug\link.1524-rc.read.1.tlog
G:\University Work\Year 2\IMAT 2605 - C++\Coursework\Dave\Debug\link.1524-rc.write.1.tlog
G:\University Work\Year 2\IMAT 2605 - C++\Coursework\Dave\Debug\link.1524.read.1.tlog
G:\University Work\Year 2\IMAT 2605 - C++\Coursework\Dave\Debug\link.1524.write.1.tlog
G:\University Work\Year 2\IMAT 2605 - C++\Coursework\Dave\Debug\link.1884-cvtres.read.1.tlog
G:\University Work\Year 2\IMAT 2605 - C++\Coursework\Dave\Debug\link.1884-cvtres.write.1.tlog
G:\University Work\Year 2\IMAT 2605 - C++\Coursework\Dave\Debug\link.1884-rc.read.1.tlog
G:\University Work\Year 2\IMAT 2605 - C++\Coursework\Dave\Debug\link.1884-rc.write.1.tlog
G:\University Work\Year 2\IMAT 2605 - C++\Coursework\Dave\Debug\link.1884.read.1.tlog
G:\University Work\Year 2\IMAT 2605 - C++\Coursework\Dave\Debug\link.1884.write.1.tlog
G:\University Work\Year 2\IMAT 2605 - C++\Coursework\Dave\Debug\link.2364-cvtres.read.1.tlog
G:\University Work\Year 2\IMAT 2605 - C++\Coursework\Dave\Debug\link.2364-cvtres.write.1.tlog
G:\University Work\Year 2\IMAT 2605 - C++\Coursework\Dave\Debug\link.2364-rc.read.1.tlog
G:\University Work\Year 2\IMAT 2605 - C++\Coursework\Dave\Debug\link.2364-rc.write.1.tlog
G:\University Work\Year 2\IMAT 2605 - C++\Coursework\Dave\Debug\link.2364.read.1.tlog
G:\University Work\Year 2\IMAT 2605 - C++\Coursework\Dave\Debug\link.2364.write.1.tlog
G:\University Work\Year 2\IMAT 2605 - C++\Coursework\Dave\Debug\link.2428-cvtres.read.1.tlog
G:\University Work\Year 2\IMAT 2605 - C++\Coursework\Dave\Debug\link.2428-cvtres.write.1.tlog
G:\University Work\Year 2\IMAT 2605 - C++\Coursework\Dave\Debug\link.2428-rc.read.1.tlog
G:\University Work\Year 2\IMAT 2605 - C++\Coursework\Dave\Debug\link.2428-rc.write.1.tlog
G:\University Work\Year 2\IMAT 2605 - C++\Coursework\Dave\Debug\link.2428.read.1.tlog
G:\University Work\Year 2\IMAT 2605 - C++\Coursework\Dave\Debug\link.2428.write.1.tlog
G:\University Work\Year 2\IMAT 2605 - C++\Coursework\Dave\Debug\link.2524-cvtres.read.1.tlog
G:\University Work\Year 2\IMAT 2605 - C++\Coursework\Dave\Debug\link.2524-cvtres.write.1.tlog
G:\University Work\Year 2\IMAT 2605 - C++\Coursework\Dave\Debug\link.2524-rc.read.1.tlog
G:\University Work\Year 2\IMAT 2605 - C++\Coursework\Dave\Debug\link.2524-rc.write.1.tlog
G:\University Work\Year 2\IMAT 2605 - C++\Coursework\Dave\Debug\link.2524.read.1.tlog
G:\University Work\Year 2\IMAT 2605 - C++\Coursework\Dave\Debug\link.2524.write.1.tlog
G:\University Work\Year 2\IMAT 2605 - C++\Coursework\Dave\Debug\link.2640-cvtres.read.1.tlog
G:\University Work\Year 2\IMAT 2605 - C++\Coursework\Dave\Debug\link.2640-cvtres.write.1.tlog
G:\University Work\Year 2\IMAT 2605 - C++\Coursework\Dave\Debug\link.2640-rc.read.1.tlog
G:\University Work\Year 2\IMAT 2605 - C++\Coursework\Dave\Debug\link.2640-rc.write.1.tlog
G:\University Work\Year 2\IMAT 2605 - C++\Coursework\Dave\Debug\link.2640.read.1.tlog
G:\University Work\Year 2\IMAT 2605 - C++\Coursework\Dave\Debug\link.2640.write.1.tlog
G:\University Work\Year 2\IMAT 2605 - C++\Coursework\Dave\Debug\link.2796-cvtres.read.1.tlog
G:\University Work\Year 2\IMAT 2605 - C++\Coursework\Dave\Debug\link.2796-cvtres.write.1.tlog
G:\University Work\Year 2\IMAT 2605 - C++\Coursework\Dave\Debug\link.2796-rc.read.1.tlog
G:\University Work\Year 2\IMAT 2605 - C++\Coursework\Dave\Debug\link.2796-rc.write.1.tlog
G:\University Work\Year 2\IMAT 2605 - C++\Coursework\Dave\Debug\link.2796.read.1.tlog
G:\University Work\Year 2\IMAT 2605 - C++\Coursework\Dave\Debug\link.2796.write.1.tlog
G:\University Work\Year 2\IMAT 2605 - C++\Coursework\Dave\Debug\link.2856-cvtres.read.1.tlog
G:\University Work\Year 2\IMAT 2605 - C++\Coursework\Dave\Debug\link.2856-cvtres.write.1.tlog
G:\University Work\Year 2\IMAT 2605 - C++\Coursework\Dave\Debug\link.2856-rc.read.1.tlog
G:\University Work\Year 2\IMAT 2605 - C++\Coursework\Dave\Debug\link.2856-rc.write.1.tlog
G:\University Work\Year 2\IMAT 2605 - C++\Coursework\Dave\Debug\link.2856.read.1.tlog
G:\University Work\Year 2\IMAT 2605 - C++\Coursework\Dave\Debug\link.2856.write.1.tlog
G:\University Work\Year 2\IMAT 2605 - C++\Coursework\Dave\Debug\link.3404-cvtres.read.1.tlog
G:\University Work\Year 2\IMAT 2605 - C++\Coursework\Dave\Debug\link.3404-cvtres.write.1.tlog
G:\University Work\Year 2\IMAT 2605 - C++\Coursework\Dave\Debug\link.3404-rc.read.1.tlog
G:\University Work\Year 2\IMAT 2605 - C++\Coursework\Dave\Debug\link.3404-rc.write.1.tlog
G:\University Work\Year 2\IMAT 2605 - C++\Coursework\Dave\Debug\link.3404.read.1.tlog
G:\University Work\Year 2\IMAT 2605 - C++\Coursework\Dave\Debug\link.3404.write.1.tlog
G:\University Work\Year 2\IMAT 2605 - C++\Coursework\Dave\Debug\link.3588-cvtres.read.1.tlog
G:\University Work\Year 2\IMAT 2605 - C++\Coursework\Dave\Debug\link.3588-cvtres.write.1.tlog
G:\University Work\Year 2\IMAT 2605 - C++\Coursework\Dave\Debug\link.3588-rc.read.1.tlog
G:\University Work\Year 2\IMAT 2605 - C++\Coursework\Dave\Debug\link.3588-rc.write.1.tlog
G:\University Work\Year 2\IMAT 2605 - C++\Coursework\Dave\Debug\link.3588.read.1.tlog
G:\University Work\Year 2\IMAT 2605 - C++\Coursework\Dave\Debug\link.3588.write.1.tlog
G:\University Work\Year 2\IMAT 2605 - C++\Coursework\Dave\Debug\link.3660-cvtres.read.1.tlog
G:\University Work\Year 2\IMAT 2605 - C++\Coursework\Dave\Debug\link.3660-cvtres.write.1.tlog
G:\University Work\Year 2\IMAT 2605 - C++\Coursework\Dave\Debug\link.3660-rc.read.1.tlog
G:\University Work\Year 2\IMAT 2605 - C++\Coursework\Dave\Debug\link.3660-rc.write.1.tlog
G:\University Work\Year 2\IMAT 2605 - C++\Coursework\Dave\Debug\link.3660.read.1.tlog
G:\University Work\Year 2\IMAT 2605 - C++\Coursework\Dave\Debug\link.3660.write.1.tlog
G:\University Work\Year 2\IMAT 2605 - C++\Coursework\Dave\Debug\link.3816-cvtres.read.1.tlog
G:\University Work\Year 2\IMAT 2605 - C++\Coursework\Dave\Debug\link.3816-cvtres.write.1.tlog
G:\University Work\Year 2\IMAT 2605 - C++\Coursework\Dave\Debug\link.3816-rc.read.1.tlog
G:\University Work\Year 2\IMAT 2605 - C++\Coursework\Dave\Debug\link.3816-rc.write.1.tlog
G:\University Work\Year 2\IMAT 2605 - C++\Coursework\Dave\Debug\link.3816.read.1.tlog
G:\University Work\Year 2\IMAT 2605 - C++\Coursework\Dave\Debug\link.3816.write.1.tlog
G:\University Work\Year 2\IMAT 2605 - C++\Coursework\Dave\Debug\link.3880-cvtres.read.1.tlog
G:\University Work\Year 2\IMAT 2605 - C++\Coursework\Dave\Debug\link.3880-cvtres.write.1.tlog
G:\University Work\Year 2\IMAT 2605 - C++\Coursework\Dave\Debug\link.3880-rc.read.1.tlog
G:\University Work\Year 2\IMAT 2605 - C++\Coursework\Dave\Debug\link.3880-rc.write.1.tlog
G:\University Work\Year 2\IMAT 2605 - C++\Coursework\Dave\Debug\link.3880.read.1.tlog
G:\University Work\Year 2\IMAT 2605 - C++\Coursework\Dave\Debug\link.3880.write.1.tlog
G:\University Work\Year 2\IMAT 2605 - C++\Coursework\Dave\Debug\link.4152-cvtres.read.1.tlog
G:\University Work\Year 2\IMAT 2605 - C++\Coursework\Dave\Debug\link.4152-cvtres.write.1.tlog
G:\University Work\Year 2\IMAT 2605 - C++\Coursework\Dave\Debug\link.4152-rc.read.1.tlog
G:\University Work\Year 2\IMAT 2605 - C++\Coursework\Dave\Debug\link.4152-rc.write.1.tlog
G:\University Work\Year 2\IMAT 2605 - C++\Coursework\Dave\Debug\link.4152.read.1.tlog
G:\University Work\Year 2\IMAT 2605 - C++\Coursework\Dave\Debug\link.4152.write.1.tlog
G:\University Work\Year 2\IMAT 2605 - C++\Coursework\Dave\Debug\link.4300-cvtres.read.1.tlog
G:\University Work\Year 2\IMAT 2605 - C++\Coursework\Dave\Debug\link.4300-cvtres.write.1.tlog
G:\University Work\Year 2\IMAT 2605 - C++\Coursework\Dave\Debug\link.4300-rc.read.1.tlog
G:\University Work\Year 2\IMAT 2605 - C++\Coursework\Dave\Debug\link.4300-rc.write.1.tlog
G:\University Work\Year 2\IMAT 2605 - C++\Coursework\Dave\Debug\link.4300.read.1.tlog
G:\University Work\Year 2\IMAT 2605 - C++\Coursework\Dave\Debug\link.4300.write.1.tlog
G:\University Work\Year 2\IMAT 2605 - C++\Coursework\Dave\Debug\link.4328-cvtres.read.1.tlog
G:\University Work\Year 2\IMAT 2605 - C++\Coursework\Dave\Debug\link.4328-cvtres.write.1.tlog
G:\University Work\Year 2\IMAT 2605 - C++\Coursework\Dave\Debug\link.4328-rc.read.1.tlog
G:\University Work\Year 2\IMAT 2605 - C++\Coursework\Dave\Debug\link.4328-rc.write.1.tlog
G:\University Work\Year 2\IMAT 2605 - C++\Coursework\Dave\Debug\link.4328.read.1.tlog
G:\University Work\Year 2\IMAT 2605 - C++\Coursework\Dave\Debug\link.4328.write.1.tlog
G:\University Work\Year 2\IMAT 2605 - C++\Coursework\Dave\Debug\link.4376-cvtres.read.1.tlog
G:\University Work\Year 2\IMAT 2605 - C++\Coursework\Dave\Debug\link.4376-cvtres.write.1.tlog
G:\University Work\Year 2\IMAT 2605 - C++\Coursework\Dave\Debug\link.4376-rc.read.1.tlog
G:\University Work\Year 2\IMAT 2605 - C++\Coursework\Dave\Debug\link.4376-rc.write.1.tlog
G:\University Work\Year 2\IMAT 2605 - C++\Coursework\Dave\Debug\link.4376.read.1.tlog
G:\University Work\Year 2\IMAT 2605 - C++\Coursework\Dave\Debug\link.4376.write.1.tlog
G:\University Work\Year 2\IMAT 2605 - C++\Coursework\Dave\Debug\link.4460-cvtres.read.1.tlog
G:\University Work\Year 2\IMAT 2605 - C++\Coursework\Dave\Debug\link.4460-cvtres.write.1.tlog
G:\University Work\Year 2\IMAT 2605 - C++\Coursework\Dave\Debug\link.4460-rc.read.1.tlog
G:\University Work\Year 2\IMAT 2605 - C++\Coursework\Dave\Debug\link.4460-rc.write.1.tlog
G:\University Work\Year 2\IMAT 2605 - C++\Coursework\Dave\Debug\link.4460.read.1.tlog
G:\University Work\Year 2\IMAT 2605 - C++\Coursework\Dave\Debug\link.4460.write.1.tlog
G:\University Work\Year 2\IMAT 2605 - C++\Coursework\Dave\Debug\link.4488-cvtres.read.1.tlog
G:\University Work\Year 2\IMAT 2605 - C++\Coursework\Dave\Debug\link.4488-cvtres.write.1.tlog
G:\University Work\Year 2\IMAT 2605 - C++\Coursework\Dave\Debug\link.4488-rc.read.1.tlog
G:\University Work\Year 2\IMAT 2605 - C++\Coursework\Dave\Debug\link.4488-rc.write.1.tlog
G:\University Work\Year 2\IMAT 2605 - C++\Coursework\Dave\Debug\link.4488.read.1.tlog
G:\University Work\Year 2\IMAT 2605 - C++\Coursework\Dave\Debug\link.4488.write.1.tlog
G:\University Work\Year 2\IMAT 2605 - C++\Coursework\Dave\Debug\link.460-cvtres.read.1.tlog
G:\University Work\Year 2\IMAT 2605 - C++\Coursework\Dave\Debug\link.460-cvtres.write.1.tlog
G:\University Work\Year 2\IMAT 2605 - C++\Coursework\Dave\Debug\link.460-rc.read.1.tlog
G:\University Work\Year 2\IMAT 2605 - C++\Coursework\Dave\Debug\link.460-rc.write.1.tlog
G:\University Work\Year 2\IMAT 2605 - C++\Coursework\Dave\Debug\link.460.read.1.tlog
G:\University Work\Year 2\IMAT 2605 - C++\Coursework\Dave\Debug\link.460.write.1.tlog
G:\University Work\Year 2\IMAT 2605 - C++\Coursework\Dave\Debug\link.4824-cvtres.read.1.tlog
G:\University Work\Year 2\IMAT 2605 - C++\Coursework\Dave\Debug\link.4824-cvtres.write.1.tlog
G:\University Work\Year 2\IMAT 2605 - C++\Coursework\Dave\Debug\link.4824-rc.read.1.tlog
G:\University Work\Year 2\IMAT 2605 - C++\Coursework\Dave\Debug\link.4824-rc.write.1.tlog
G:\University Work\Year 2\IMAT 2605 - C++\Coursework\Dave\Debug\link.4824.read.1.tlog
G:\University Work\Year 2\IMAT 2605 - C++\Coursework\Dave\Debug\link.4824.write.1.tlog
G:\University Work\Year 2\IMAT 2605 - C++\Coursework\Dave\Debug\link.5080-cvtres.read.1.tlog
G:\University Work\Year 2\IMAT 2605 - C++\Coursework\Dave\Debug\link.5080-cvtres.write.1.tlog
G:\University Work\Year 2\IMAT 2605 - C++\Coursework\Dave\Debug\link.5080-rc.read.1.tlog
G:\University Work\Year 2\IMAT 2605 - C++\Coursework\Dave\Debug\link.5080-rc.write.1.tlog
G:\University Work\Year 2\IMAT 2605 - C++\Coursework\Dave\Debug\link.5080.read.1.tlog
G:\University Work\Year 2\IMAT 2605 - C++\Coursework\Dave\Debug\link.5080.write.1.tlog
G:\University Work\Year 2\IMAT 2605 - C++\Coursework\Dave\Debug\link.5128-cvtres.read.1.tlog
G:\University Work\Year 2\IMAT 2605 - C++\Coursework\Dave\Debug\link.5128-cvtres.write.1.tlog
G:\University Work\Year 2\IMAT 2605 - C++\Coursework\Dave\Debug\link.5128-rc.read.1.tlog
G:\University Work\Year 2\IMAT 2605 - C++\Coursework\Dave\Debug\link.5128-rc.write.1.tlog
G:\University Work\Year 2\IMAT 2605 - C++\Coursework\Dave\Debug\link.5128.read.1.tlog
G:\University Work\Year 2\IMAT 2605 - C++\Coursework\Dave\Debug\link.5128.write.1.tlog
G:\University Work\Year 2\IMAT 2605 - C++\Coursework\Dave\Debug\link.5340-cvtres.read.1.tlog
G:\University Work\Year 2\IMAT 2605 - C++\Coursework\Dave\Debug\link.5340-cvtres.write.1.tlog
G:\University Work\Year 2\IMAT 2605 - C++\Coursework\Dave\Debug\link.5340-rc.read.1.tlog
G:\University Work\Year 2\IMAT 2605 - C++\Coursework\Dave\Debug\link.5340-rc.write.1.tlog
G:\University Work\Year 2\IMAT 2605 - C++\Coursework\Dave\Debug\link.5340.read.1.tlog
G:\University Work\Year 2\IMAT 2605 - C++\Coursework\Dave\Debug\link.5340.write.1.tlog
G:\University Work\Year 2\IMAT 2605 - C++\Coursework\Dave\Debug\link.5400-cvtres.read.1.tlog
G:\University Work\Year 2\IMAT 2605 - C++\Coursework\Dave\Debug\link.5400-cvtres.write.1.tlog
G:\University Work\Year 2\IMAT 2605 - C++\Coursework\Dave\Debug\link.5400-rc.read.1.tlog
G:\University Work\Year 2\IMAT 2605 - C++\Coursework\Dave\Debug\link.5400-rc.write.1.tlog
G:\University Work\Year 2\IMAT 2605 - C++\Coursework\Dave\Debug\link.5400.read.1.tlog
G:\University Work\Year 2\IMAT 2605 - C++\Coursework\Dave\Debug\link.5400.write.1.tlog
G:\University Work\Year 2\IMAT 2605 - C++\Coursework\Dave\Debug\link.5732-cvtres.read.1.tlog
G:\University Work\Year 2\IMAT 2605 - C++\Coursework\Dave\Debug\link.5732-cvtres.write.1.tlog
G:\University Work\Year 2\IMAT 2605 - C++\Coursework\Dave\Debug\link.5732-rc.read.1.tlog
G:\University Work\Year 2\IMAT 2605 - C++\Coursework\Dave\Debug\link.5732-rc.write.1.tlog
G:\University Work\Year 2\IMAT 2605 - C++\Coursework\Dave\Debug\link.5732.read.1.tlog
G:\University Work\Year 2\IMAT 2605 - C++\Coursework\Dave\Debug\link.5732.write.1.tlog
G:\University Work\Year 2\IMAT 2605 - C++\Coursework\Dave\Debug\link.5824-cvtres.read.1.tlog
G:\University Work\Year 2\IMAT 2605 - C++\Coursework\Dave\Debug\link.5824-cvtres.write.1.tlog
G:\University Work\Year 2\IMAT 2605 - C++\Coursework\Dave\Debug\link.5824-rc.read.1.tlog
G:\University Work\Year 2\IMAT 2605 - C++\Coursework\Dave\Debug\link.5824-rc.write.1.tlog
G:\University Work\Year 2\IMAT 2605 - C++\Coursework\Dave\Debug\link.5824.read.1.tlog
G:\University Work\Year 2\IMAT 2605 - C++\Coursework\Dave\Debug\link.5824.write.1.tlog
G:\University Work\Year 2\IMAT 2605 - C++\Coursework\Dave\Debug\link.5852-cvtres.read.1.tlog
G:\University Work\Year 2\IMAT 2605 - C++\Coursework\Dave\Debug\link.5852-cvtres.write.1.tlog
G:\University Work\Year 2\IMAT 2605 - C++\Coursework\Dave\Debug\link.5852-rc.read.1.tlog
G:\University Work\Year 2\IMAT 2605 - C++\Coursework\Dave\Debug\link.5852-rc.write.1.tlog
G:\University Work\Year 2\IMAT 2605 - C++\Coursework\Dave\Debug\link.5852.read.1.tlog
G:\University Work\Year 2\IMAT 2605 - C++\Coursework\Dave\Debug\link.5852.write.1.tlog
G:\University Work\Year 2\IMAT 2605 - C++\Coursework\Dave\Debug\link.5904-cvtres.read.1.tlog
G:\University Work\Year 2\IMAT 2605 - C++\Coursework\Dave\Debug\link.5904-cvtres.write.1.tlog
G:\University Work\Year 2\IMAT 2605 - C++\Coursework\Dave\Debug\link.5904-rc.read.1.tlog
G:\University Work\Year 2\IMAT 2605 - C++\Coursework\Dave\Debug\link.5904-rc.write.1.tlog
G:\University Work\Year 2\IMAT 2605 - C++\Coursework\Dave\Debug\link.5904.read.1.tlog
G:\University Work\Year 2\IMAT 2605 - C++\Coursework\Dave\Debug\link.5904.write.1.tlog
G:\University Work\Year 2\IMAT 2605 - C++\Coursework\Dave\Debug\link.5992-cvtres.read.1.tlog
G:\University Work\Year 2\IMAT 2605 - C++\Coursework\Dave\Debug\link.5992-cvtres.write.1.tlog
G:\University Work\Year 2\IMAT 2605 - C++\Coursework\Dave\Debug\link.5992-rc.read.1.tlog
G:\University Work\Year 2\IMAT 2605 - C++\Coursework\Dave\Debug\link.5992-rc.write.1.tlog
G:\University Work\Year 2\IMAT 2605 - C++\Coursework\Dave\Debug\link.5992.read.1.tlog
G:\University Work\Year 2\IMAT 2605 - C++\Coursework\Dave\Debug\link.5992.write.1.tlog
G:\University Work\Year 2\IMAT 2605 - C++\Coursework\Dave\Debug\link.6196-cvtres.read.1.tlog
G:\University Work\Year 2\IMAT 2605 - C++\Coursework\Dave\Debug\link.6196-cvtres.write.1.tlog
G:\University Work\Year 2\IMAT 2605 - C++\Coursework\Dave\Debug\link.6196-rc.read.1.tlog
G:\University Work\Year 2\IMAT 2605 - C++\Coursework\Dave\Debug\link.6196-rc.write.1.tlog
G:\University Work\Year 2\IMAT 2605 - C++\Coursework\Dave\Debug\link.6196.read.1.tlog
G:\University Work\Year 2\IMAT 2605 - C++\Coursework\Dave\Debug\link.6196.write.1.tlog
G:\University Work\Year 2\IMAT 2605 - C++\Coursework\Dave\Debug\link.6300-cvtres.read.1.tlog
G:\University Work\Year 2\IMAT 2605 - C++\Coursework\Dave\Debug\link.6300-cvtres.write.1.tlog
G:\University Work\Year 2\IMAT 2605 - C++\Coursework\Dave\Debug\link.6300-rc.read.1.tlog
G:\University Work\Year 2\IMAT 2605 - C++\Coursework\Dave\Debug\link.6300-rc.write.1.tlog
G:\University Work\Year 2\IMAT 2605 - C++\Coursework\Dave\Debug\link.6300.read.1.tlog
G:\University Work\Year 2\IMAT 2605 - C++\Coursework\Dave\Debug\link.6300.write.1.tlog
G:\University Work\Year 2\IMAT 2605 - C++\Coursework\Dave\Debug\link.6768-cvtres.read.1.tlog
G:\University Work\Year 2\IMAT 2605 - C++\Coursework\Dave\Debug\link.6768-cvtres.write.1.tlog
G:\University Work\Year 2\IMAT 2605 - C++\Coursework\Dave\Debug\link.6768-rc.read.1.tlog
G:\University Work\Year 2\IMAT 2605 - C++\Coursework\Dave\Debug\link.6768-rc.write.1.tlog
G:\University Work\Year 2\IMAT 2605 - C++\Coursework\Dave\Debug\link.6768.read.1.tlog
G:\University Work\Year 2\IMAT 2605 - C++\Coursework\Dave\Debug\link.6768.write.1.tlog
G:\University Work\Year 2\IMAT 2605 - C++\Coursework\Dave\Debug\link.7012-cvtres.read.1.tlog
G:\University Work\Year 2\IMAT 2605 - C++\Coursework\Dave\Debug\link.7012-cvtres.write.1.tlog
G:\University Work\Year 2\IMAT 2605 - C++\Coursework\Dave\Debug\link.7012-rc.read.1.tlog
G:\University Work\Year 2\IMAT 2605 - C++\Coursework\Dave\Debug\link.7012-rc.write.1.tlog
G:\University Work\Year 2\IMAT 2605 - C++\Coursework\Dave\Debug\link.7012.read.1.tlog
G:\University Work\Year 2\IMAT 2605 - C++\Coursework\Dave\Debug\link.7012.write.1.tlog
G:\University Work\Year 2\IMAT 2605 - C++\Coursework\Dave\Debug\link.732-cvtres.read.1.tlog
G:\University Work\Year 2\IMAT 2605 - C++\Coursework\Dave\Debug\link.732-cvtres.write.1.tlog
G:\University Work\Year 2\IMAT 2605 - C++\Coursework\Dave\Debug\link.732-rc.read.1.tlog
G:\University Work\Year 2\IMAT 2605 - C++\Coursework\Dave\Debug\link.732-rc.write.1.tlog
G:\University Work\Year 2\IMAT 2605 - C++\Coursework\Dave\Debug\link.732.read.1.tlog
G:\University Work\Year 2\IMAT 2605 - C++\Coursework\Dave\Debug\link.732.write.1.tlog
G:\University Work\Year 2\IMAT 2605 - C++\Coursework\Dave\Debug\link.7376-cvtres.read.1.tlog
G:\University Work\Year 2\IMAT 2605 - C++\Coursework\Dave\Debug\link.7376-cvtres.write.1.tlog
G:\University Work\Year 2\IMAT 2605 - C++\Coursework\Dave\Debug\link.7376-rc.read.1.tlog
G:\University Work\Year 2\IMAT 2605 - C++\Coursework\Dave\Debug\link.7376-rc.write.1.tlog
G:\University Work\Year 2\IMAT 2605 - C++\Coursework\Dave\Debug\link.7376.read.1.tlog
G:\University Work\Year 2\IMAT 2605 - C++\Coursework\Dave\Debug\link.7376.write.1.tlog
G:\University Work\Year 2\IMAT 2605 - C++\Coursework\Dave\Debug\link.7488-cvtres.read.1.tlog
G:\University Work\Year 2\IMAT 2605 - C++\Coursework\Dave\Debug\link.7488-cvtres.write.1.tlog
G:\University Work\Year 2\IMAT 2605 - C++\Coursework\Dave\Debug\link.7488-rc.read.1.tlog
G:\University Work\Year 2\IMAT 2605 - C++\Coursework\Dave\Debug\link.7488-rc.write.1.tlog
G:\University Work\Year 2\IMAT 2605 - C++\Coursework\Dave\Debug\link.7488.read.1.tlog
G:\University Work\Year 2\IMAT 2605 - C++\Coursework\Dave\Debug\link.7488.write.1.tlog
G:\University Work\Year 2\IMAT 2605 - C++\Coursework\Dave\Debug\link.7532-cvtres.read.1.tlog
G:\University Work\Year 2\IMAT 2605 - C++\Coursework\Dave\Debug\link.7532-cvtres.write.1.tlog
G:\University Work\Year 2\IMAT 2605 - C++\Coursework\Dave\Debug\link.7532-rc.read.1.tlog
G:\University Work\Year 2\IMAT 2605 - C++\Coursework\Dave\Debug\link.7532-rc.write.1.tlog
G:\University Work\Year 2\IMAT 2605 - C++\Coursework\Dave\Debug\link.7532.read.1.tlog
G:\University Work\Year 2\IMAT 2605 - C++\Coursework\Dave\Debug\link.7532.write.1.tlog
G:\University Work\Year 2\IMAT 2605 - C++\Coursework\Dave\Debug\link.768-cvtres.read.1.tlog
G:\University Work\Year 2\IMAT 2605 - C++\Coursework\Dave\Debug\link.768-cvtres.write.1.tlog
G:\University Work\Year 2\IMAT 2605 - C++\Coursework\Dave\Debug\link.768-rc.read.1.tlog
G:\University Work\Year 2\IMAT 2605 - C++\Coursework\Dave\Debug\link.768-rc.write.1.tlog
G:\University Work\Year 2\IMAT 2605 - C++\Coursework\Dave\Debug\link.768.read.1.tlog
G:\University Work\Year 2\IMAT 2605 - C++\Coursework\Dave\Debug\link.768.write.1.tlog
G:\University Work\Year 2\IMAT 2605 - C++\Coursework\Dave\Debug\link.7680-cvtres.read.1.tlog
G:\University Work\Year 2\IMAT 2605 - C++\Coursework\Dave\Debug\link.7680-cvtres.write.1.tlog
G:\University Work\Year 2\IMAT 2605 - C++\Coursework\Dave\Debug\link.7680-rc.read.1.tlog
G:\University Work\Year 2\IMAT 2605 - C++\Coursework\Dave\Debug\link.7680-rc.write.1.tlog
G:\University Work\Year 2\IMAT 2605 - C++\Coursework\Dave\Debug\link.7680.read.1.tlog
G:\University Work\Year 2\IMAT 2605 - C++\Coursework\Dave\Debug\link.7680.write.1.tlog
G:\University Work\Year 2\IMAT 2605 - C++\Coursework\Dave\Debug\link.852-cvtres.read.1.tlog
G:\University Work\Year 2\IMAT 2605 - C++\Coursework\Dave\Debug\link.852-cvtres.write.1.tlog
G:\University Work\Year 2\IMAT 2605 - C++\Coursework\Dave\Debug\link.852-rc.read.1.tlog
G:\University Work\Year 2\IMAT 2605 - C++\Coursework\Dave\Debug\link.852-rc.write.1.tlog
G:\University Work\Year 2\IMAT 2605 - C++\Coursework\Dave\Debug\link.852.read.1.tlog
G:\University Work\Year 2\IMAT 2605 - C++\Coursework\Dave\Debug\link.852.write.1.tlog
G:\University Work\Year 2\IMAT 2605 - C++\Coursework\Dave\Debug\link.956-cvtres.read.1.tlog
G:\University Work\Year 2\IMAT 2605 - C++\Coursework\Dave\Debug\link.956-cvtres.write.1.tlog
G:\University Work\Year 2\IMAT 2605 - C++\Coursework\Dave\Debug\link.956-rc.read.1.tlog
G:\University Work\Year 2\IMAT 2605 - C++\Coursework\Dave\Debug\link.956-rc.write.1.tlog
G:\University Work\Year 2\IMAT 2605 - C++\Coursework\Dave\Debug\link.956.read.1.tlog
G:\University Work\Year 2\IMAT 2605 - C++\Coursework\Dave\Debug\link.956.write.1.tlog
G:\University Work\Year 2\IMAT 2605 - C++\Coursework\Dave\Debug\link.command.1.tlog
G:\University Work\Year 2\IMAT 2605 - C++\Coursework\Dave\Debug\link.read.1.tlog
G:\University Work\Year 2\IMAT 2605 - C++\Coursework\Dave\Debug\link.write.1.tlog
G:\University Work\Year 2\IMAT 2605 - C++\Coursework\Dave\Debug\vc110.idb
G:\University Work\Year 2\IMAT 2605 - C++\Coursework\Dave\Debug\dave.pdb
G:\University Work\Year 2\IMAT 2605 - C++\Coursework\Dave\Debug\vc110.pdb
G:\University Work\Year 2\IMAT 2605 - C++\Coursework\Dave\Debug\dave.exe
